<?xml version="1.0" encoding="UTF-8"?>
<!-- Generated by org.testng.reporters.JUnitXMLReporter -->
<testsuite hostname="WL308013" ignored="10" name="MT" tests="6" failures="0" timestamp="11 Nov 2019 08:39:16 GMT" time="160.108" errors="0">
  <testcase name="MT_Sanity_001" time="14.988" classname="BusinessLayer.MT_Sanity_1"/>
  <testcase name="MT_Sanity_002" time="23.959" classname="BusinessLayer.MT_Sanity_2"/>
  <testcase name="MT_Sanity_003" time="28.926" classname="BusinessLayer.MT_Sanity_3"/>
  <testcase name="MT_Sanity_004" time="30.21" classname="BusinessLayer.MT_Sanity_4"/>
  <testcase name="MT_Sanity_005" time="29.776" classname="BusinessLayer.MT_Sanity_5"/>
  <testcase name="MT_Sanity_006" time="32.177" classname="BusinessLayer.MT_Sanity_6"/>
  <testcase name="@AfterSuite tearDown" time="0.0" classname="ExecutionLayer.TestSuiteRunner">
    <ignored/>
  </testcase> <!-- @AfterSuite tearDown -->
  <testcase name="@AfterSuite tearDown" time="0.0" classname="ExecutionLayer.TestSuiteRunner">
    <ignored/>
  </testcase> <!-- @AfterSuite tearDown -->
  <testcase name="@AfterSuite tearDown" time="0.0" classname="ExecutionLayer.TestSuiteRunner">
    <ignored/>
  </testcase> <!-- @AfterSuite tearDown -->
  <testcase name="@AfterSuite tearDown" time="0.0" classname="ExecutionLayer.TestSuiteRunner">
    <ignored/>
  </testcase> <!-- @AfterSuite tearDown -->
  <testcase name="@AfterSuite tearDown" time="0.0" classname="ExecutionLayer.TestSuiteRunner">
    <ignored/>
  </testcase> <!-- @AfterSuite tearDown -->
  <testcase name="@BeforeSuite setUp" time="0.0" classname="ExecutionLayer.TestSuiteRunner">
    <ignored/>
  </testcase> <!-- @BeforeSuite setUp -->
  <testcase name="@BeforeSuite setUp" time="0.0" classname="ExecutionLayer.TestSuiteRunner">
    <ignored/>
  </testcase> <!-- @BeforeSuite setUp -->
  <testcase name="@BeforeSuite setUp" time="0.0" classname="ExecutionLayer.TestSuiteRunner">
    <ignored/>
  </testcase> <!-- @BeforeSuite setUp -->
  <testcase name="@BeforeSuite setUp" time="0.0" classname="ExecutionLayer.TestSuiteRunner">
    <ignored/>
  </testcase> <!-- @BeforeSuite setUp -->
  <testcase name="@BeforeSuite setUp" time="0.0" classname="ExecutionLayer.TestSuiteRunner">
    <ignored/>
  </testcase> <!-- @BeforeSuite setUp -->
</testsuite> <!-- MT -->
