<?xml version="1.0" encoding="UTF-8"?>
<!-- Generated by org.testng.reporters.JUnitXMLReporter -->
<testsuite hostname="WL308013" ignored="4" name="MT" tests="3" failures="0" timestamp="07 Nov 2019 04:29:41 GMT" time="61.69" errors="0">
  <testcase name="MT_Sanity_001" time="8.681" classname="BisinessLayer.MT_Sanity_1"/>
  <testcase name="MT_Sanity_002" time="23.042" classname="BisinessLayer.MT_Sanity_2"/>
  <testcase name="MT_Sanity_003" time="29.92" classname="BisinessLayer.MT_Sanity_3"/>
  <testcase name="@AfterSuite tearDown" time="0.0" classname="ExecutionLayer.TestSuiteRunner">
    <ignored/>
  </testcase> <!-- @AfterSuite tearDown -->
  <testcase name="@AfterSuite tearDown" time="0.0" classname="ExecutionLayer.TestSuiteRunner">
    <ignored/>
  </testcase> <!-- @AfterSuite tearDown -->
  <testcase name="@BeforeSuite setUp" time="0.0" classname="ExecutionLayer.TestSuiteRunner">
    <ignored/>
  </testcase> <!-- @BeforeSuite setUp -->
  <testcase name="@BeforeSuite setUp" time="0.0" classname="ExecutionLayer.TestSuiteRunner">
    <ignored/>
  </testcase> <!-- @BeforeSuite setUp -->
</testsuite> <!-- MT -->
